{"/Users/mazuh/Programming/postmaiden/src/App.tsx": {"path":"/Users/mazuh/Programming/postmaiden/src/App.tsx","statementMap":{"0":{"start":{"line":6,"column":44},"end":{"line":6,"column":62}},"1":{"start":{"line":8,"column":2},"end":{"line":10,"column":28}},"2":{"start":{"line":9,"column":4},"end":{"line":9,"column":26}},"3":{"start":{"line":12,"column":2},"end":{"line":22,"column":3}},"4":{"start":{"line":13,"column":4},"end":{"line":21,"column":6}},"5":{"start":{"line":24,"column":2},"end":{"line":29,"column":4}}},"fnMap":{"0":{"name":"App","decl":{"start":{"line":5,"column":24},"end":{"line":5,"column":27}},"loc":{"start":{"line":5,"column":30},"end":{"line":30,"column":1}},"line":5},"1":{"name":"(anonymous_1)","decl":{"start":{"line":8,"column":12},"end":{"line":8,"column":13}},"loc":{"start":{"line":8,"column":18},"end":{"line":10,"column":3}},"line":8}},"branchMap":{"0":{"loc":{"start":{"line":12,"column":2},"end":{"line":22,"column":3}},"type":"if","locations":[{"start":{"line":12,"column":2},"end":{"line":22,"column":3}},{"start":{},"end":{}}],"line":12}},"s":{"0":3,"1":3,"2":2,"3":3,"4":1,"5":2},"f":{"0":3,"1":2},"b":{"0":[1,2]},"_coverageSchema":"1a1c01bbd47fc00a2c39e90264f33305004495a9","hash":"27ed44b736e5d8a8c21a58e383607336486bd5de"}
,"/Users/mazuh/Programming/postmaiden/src/hooks/useClientSession.ts": {"path":"/Users/mazuh/Programming/postmaiden/src/hooks/useClientSession.ts","statementMap":{"0":{"start":{"line":14,"column":32},"end":{"line":14,"column":46}},"1":{"start":{"line":15,"column":22},"end":{"line":15,"column":32}},"2":{"start":{"line":17,"column":30},"end":{"line":22,"column":8}},"3":{"start":{"line":18,"column":21},"end":{"line":18,"column":52}},"4":{"start":{"line":19,"column":4},"end":{"line":19,"column":35}},"5":{"start":{"line":20,"column":4},"end":{"line":20,"column":39}},"6":{"start":{"line":21,"column":4},"end":{"line":21,"column":20}},"7":{"start":{"line":24,"column":2},"end":{"line":41,"column":17}},"8":{"start":{"line":25,"column":4},"end":{"line":27,"column":5}},"9":{"start":{"line":26,"column":6},"end":{"line":26,"column":13}},"10":{"start":{"line":29,"column":31},"end":{"line":36,"column":5}},"11":{"start":{"line":30,"column":24},"end":{"line":30,"column":57}},"12":{"start":{"line":31,"column":6},"end":{"line":33,"column":7}},"13":{"start":{"line":32,"column":8},"end":{"line":32,"column":25}},"14":{"start":{"line":35,"column":6},"end":{"line":35,"column":40}},"15":{"start":{"line":37,"column":28},"end":{"line":37,"column":70}},"16":{"start":{"line":37,"column":34},"end":{"line":37,"column":70}},"17":{"start":{"line":39,"column":24},"end":{"line":39,"column":41}},"18":{"start":{"line":40,"column":4},"end":{"line":40,"column":45}},"19":{"start":{"line":40,"column":17},"end":{"line":40,"column":44}},"20":{"start":{"line":43,"column":2},"end":{"line":46,"column":4}}},"fnMap":{"0":{"name":"useClientSession","decl":{"start":{"line":13,"column":24},"end":{"line":13,"column":40}},"loc":{"start":{"line":13,"column":67},"end":{"line":47,"column":1}},"line":13},"1":{"name":"(anonymous_1)","decl":{"start":{"line":17,"column":42},"end":{"line":17,"column":43}},"loc":{"start":{"line":17,"column":48},"end":{"line":22,"column":3}},"line":17},"2":{"name":"(anonymous_2)","decl":{"start":{"line":24,"column":12},"end":{"line":24,"column":13}},"loc":{"start":{"line":24,"column":18},"end":{"line":41,"column":3}},"line":24},"3":{"name":"(anonymous_3)","decl":{"start":{"line":29,"column":31},"end":{"line":29,"column":32}},"loc":{"start":{"line":29,"column":43},"end":{"line":36,"column":5}},"line":29},"4":{"name":"(anonymous_4)","decl":{"start":{"line":37,"column":28},"end":{"line":37,"column":29}},"loc":{"start":{"line":37,"column":34},"end":{"line":37,"column":70}},"line":37},"5":{"name":"(anonymous_5)","decl":{"start":{"line":40,"column":11},"end":{"line":40,"column":12}},"loc":{"start":{"line":40,"column":17},"end":{"line":40,"column":44}},"line":40}},"branchMap":{"0":{"loc":{"start":{"line":18,"column":21},"end":{"line":18,"column":52}},"type":"binary-expr","locations":[{"start":{"line":18,"column":21},"end":{"line":18,"column":40}},{"start":{"line":18,"column":44},"end":{"line":18,"column":52}}],"line":18},"1":{"loc":{"start":{"line":25,"column":4},"end":{"line":27,"column":5}},"type":"if","locations":[{"start":{"line":25,"column":4},"end":{"line":27,"column":5}},{"start":{},"end":{}}],"line":25},"2":{"loc":{"start":{"line":31,"column":6},"end":{"line":33,"column":7}},"type":"if","locations":[{"start":{"line":31,"column":6},"end":{"line":33,"column":7}},{"start":{},"end":{}}],"line":31}},"s":{"0":3,"1":3,"2":3,"3":2,"4":2,"5":2,"6":2,"7":3,"8":3,"9":1,"10":2,"11":1,"12":1,"13":1,"14":1,"15":2,"16":3,"17":2,"18":2,"19":2,"20":3},"f":{"0":3,"1":2,"2":3,"3":1,"4":3,"5":2},"b":{"0":[2,2],"1":[1,2],"2":[1,0]},"_coverageSchema":"1a1c01bbd47fc00a2c39e90264f33305004495a9","hash":"4b0184600de78cc64604c38722146fd4770bed0f"}
,"/Users/mazuh/Programming/postmaiden/src/services/opfs-client-session.ts": {"path":"/Users/mazuh/Programming/postmaiden/src/services/opfs-client-session.ts","statementMap":{"0":{"start":{"line":8,"column":23},"end":{"line":16,"column":1}},"1":{"start":{"line":11,"column":2},"end":{"line":13,"column":3}},"2":{"start":{"line":12,"column":4},"end":{"line":12,"column":63}},"3":{"start":{"line":15,"column":2},"end":{"line":15,"column":14}},"4":{"start":{"line":19,"column":15},"end":{"line":19,"column":37}},"5":{"start":{"line":20,"column":15},"end":{"line":20,"column":36}},"6":{"start":{"line":21,"column":2},"end":{"line":21,"column":48}},"7":{"start":{"line":25,"column":2},"end":{"line":27,"column":3}},"8":{"start":{"line":26,"column":4},"end":{"line":26,"column":52}},"9":{"start":{"line":29,"column":15},"end":{"line":29,"column":37}},"10":{"start":{"line":30,"column":2},"end":{"line":30,"column":27}}},"fnMap":{"0":{"name":"(anonymous_0)","decl":{"start":{"line":8,"column":23},"end":{"line":8,"column":24}},"loc":{"start":{"line":10,"column":5},"end":{"line":16,"column":1}},"line":10},"1":{"name":"retrieveClientSessionUuid","decl":{"start":{"line":18,"column":22},"end":{"line":18,"column":47}},"loc":{"start":{"line":18,"column":67},"end":{"line":22,"column":1}},"line":18},"2":{"name":"persistClientSessionUuid","decl":{"start":{"line":24,"column":22},"end":{"line":24,"column":46}},"loc":{"start":{"line":24,"column":76},"end":{"line":31,"column":1}},"line":24}},"branchMap":{"0":{"loc":{"start":{"line":11,"column":2},"end":{"line":13,"column":3}},"type":"if","locations":[{"start":{"line":11,"column":2},"end":{"line":13,"column":3}},{"start":{},"end":{}}],"line":11},"1":{"loc":{"start":{"line":21,"column":9},"end":{"line":21,"column":47}},"type":"cond-expr","locations":[{"start":{"line":21,"column":38},"end":{"line":21,"column":42}},{"start":{"line":21,"column":45},"end":{"line":21,"column":47}}],"line":21},"2":{"loc":{"start":{"line":21,"column":9},"end":{"line":21,"column":35}},"type":"binary-expr","locations":[{"start":{"line":21,"column":9},"end":{"line":21,"column":13}},{"start":{"line":21,"column":17},"end":{"line":21,"column":35}}],"line":21},"3":{"loc":{"start":{"line":25,"column":2},"end":{"line":27,"column":3}},"type":"if","locations":[{"start":{"line":25,"column":2},"end":{"line":27,"column":3}},{"start":{},"end":{}}],"line":25},"4":{"loc":{"start":{"line":25,"column":6},"end":{"line":25,"column":34}},"type":"binary-expr","locations":[{"start":{"line":25,"column":6},"end":{"line":25,"column":11}},{"start":{"line":25,"column":15},"end":{"line":25,"column":34}}],"line":25}},"s":{"0":1,"1":3,"2":1,"3":3,"4":1,"5":1,"6":1,"7":2,"8":0,"9":2,"10":2},"f":{"0":3,"1":1,"2":2},"b":{"0":[1,2],"1":[1,0],"2":[1,1],"3":[0,2],"4":[2,2]},"_coverageSchema":"1a1c01bbd47fc00a2c39e90264f33305004495a9","hash":"d46eb3bfa88aeab86f7639606e5bf7d1b5441e51"}
,"/Users/mazuh/Programming/postmaiden/src/services/origin-private-file-system.ts": {"path":"/Users/mazuh/Programming/postmaiden/src/services/origin-private-file-system.ts","statementMap":{"0":{"start":{"line":9,"column":19},"end":{"line":9,"column":57}},"1":{"start":{"line":10,"column":21},"end":{"line":12,"column":4}},"2":{"start":{"line":14,"column":19},"end":{"line":18,"column":3}},"3":{"start":{"line":15,"column":17},"end":{"line":15,"column":43}},"4":{"start":{"line":16,"column":17},"end":{"line":16,"column":34}},"5":{"start":{"line":17,"column":4},"end":{"line":17,"column":42}},"6":{"start":{"line":20,"column":18},"end":{"line":27,"column":3}},"7":{"start":{"line":21,"column":31},"end":{"line":21,"column":64}},"8":{"start":{"line":22,"column":4},"end":{"line":26,"column":5}},"9":{"start":{"line":23,"column":6},"end":{"line":23,"column":59}},"10":{"start":{"line":25,"column":6},"end":{"line":25,"column":39}},"11":{"start":{"line":29,"column":2},"end":{"line":32,"column":4}}},"fnMap":{"0":{"name":"makeOpfsAdapter","decl":{"start":{"line":6,"column":22},"end":{"line":6,"column":37}},"loc":{"start":{"line":8,"column":46},"end":{"line":33,"column":1}},"line":8},"1":{"name":"(anonymous_1)","decl":{"start":{"line":14,"column":19},"end":{"line":14,"column":20}},"loc":{"start":{"line":14,"column":50},"end":{"line":18,"column":3}},"line":14},"2":{"name":"(anonymous_2)","decl":{"start":{"line":20,"column":18},"end":{"line":20,"column":19}},"loc":{"start":{"line":20,"column":37},"end":{"line":27,"column":3}},"line":20}},"branchMap":{"0":{"loc":{"start":{"line":17,"column":11},"end":{"line":17,"column":41}},"type":"cond-expr","locations":[{"start":{"line":17,"column":18},"end":{"line":17,"column":34}},{"start":{"line":17,"column":37},"end":{"line":17,"column":41}}],"line":17}},"s":{"0":2,"1":2,"2":2,"3":1,"4":1,"5":1,"6":2,"7":1,"8":1,"9":1,"10":1,"11":2},"f":{"0":2,"1":1,"2":1},"b":{"0":[1,0]},"_coverageSchema":"1a1c01bbd47fc00a2c39e90264f33305004495a9","hash":"3dedf1d1ae80aaf14b5ec1b16f488eb0f07f3044"}
}
