TN:
SF:src/App.tsx
FN:5,App
FN:8,(anonymous_1)
FNF:2
FNH:2
FNDA:3,App
FNDA:2,(anonymous_1)
DA:6,3
DA:8,3
DA:9,2
DA:12,3
DA:13,1
DA:24,2
LF:6
LH:6
BRDA:12,0,0,1
BRDA:12,0,1,2
BRF:2
BRH:2
end_of_record
TN:
SF:src/hooks/useClientSession.ts
FN:13,useClientSession
FN:17,(anonymous_1)
FN:24,(anonymous_2)
FN:29,(anonymous_3)
FN:37,(anonymous_4)
FN:40,(anonymous_5)
FNF:6
FNH:6
FNDA:3,useClientSession
FNDA:2,(anonymous_1)
FNDA:3,(anonymous_2)
FNDA:1,(anonymous_3)
FNDA:3,(anonymous_4)
FNDA:2,(anonymous_5)
DA:14,3
DA:15,3
DA:17,3
DA:18,2
DA:19,2
DA:20,2
DA:21,2
DA:24,3
DA:25,3
DA:26,1
DA:29,2
DA:30,1
DA:31,1
DA:32,1
DA:35,1
DA:37,3
DA:39,2
DA:40,2
DA:43,3
LF:19
LH:19
BRDA:18,0,0,2
BRDA:18,0,1,2
BRDA:25,1,0,1
BRDA:25,1,1,2
BRDA:31,2,0,1
BRDA:31,2,1,0
BRF:6
BRH:5
end_of_record
TN:
SF:src/services/opfs-client-session.ts
FN:8,(anonymous_0)
FN:18,retrieveClientSessionUuid
FN:24,persistClientSessionUuid
FNF:3
FNH:3
FNDA:3,(anonymous_0)
FNDA:1,retrieveClientSessionUuid
FNDA:2,persistClientSessionUuid
DA:8,1
DA:11,3
DA:12,1
DA:15,3
DA:19,1
DA:20,1
DA:21,1
DA:25,2
DA:26,0
DA:29,2
DA:30,2
LF:11
LH:10
BRDA:11,0,0,1
BRDA:11,0,1,2
BRDA:21,1,0,1
BRDA:21,1,1,0
BRDA:21,2,0,1
BRDA:21,2,1,1
BRDA:25,3,0,0
BRDA:25,3,1,2
BRDA:25,4,0,2
BRDA:25,4,1,2
BRF:10
BRH:8
end_of_record
TN:
SF:src/services/origin-private-file-system.ts
FN:6,makeOpfsAdapter
FN:14,(anonymous_1)
FN:20,(anonymous_2)
FNF:3
FNH:3
FNDA:2,makeOpfsAdapter
FNDA:1,(anonymous_1)
FNDA:1,(anonymous_2)
DA:9,2
DA:10,2
DA:14,2
DA:15,1
DA:16,1
DA:17,1
DA:20,2
DA:21,1
DA:22,1
DA:23,1
DA:25,1
DA:29,2
LF:12
LH:12
BRDA:17,0,0,1
BRDA:17,0,1,0
BRF:2
BRH:1
end_of_record
